<?xml version="1.0" encoding="UTF-8"?>
<!-- Generated by org.testng.reporters.JUnitReportReporter -->
<testsuite hostname="JyothiCyril" failures="0" tests="1" name="com.qa.testscripts.TC_Rediffalerts_001" time="11.414" errors="0" timestamp="2022-03-18T16:27:19 IST" skipped="0">
  <testcase classname="com.qa.testscripts.TC_Rediffalerts_001" name="Loginaction" time="11.414"/>
  <system-out>
    <![CDATA[User is on Login Page
Please enter a valid user name
The check box is selected by Default]]>
  </system-out>
</testsuite> <!-- com.qa.testscripts.TC_Rediffalerts_001 -->
