<?xml version="1.0" encoding="UTF-8"?>
<!-- Generated by org.testng.reporters.JUnitReportReporter -->
<testsuite hostname="JyothiCyril" failures="0" tests="2" name="com.qa.testscripts.TC_Amazon_005" time="10.721" errors="0" timestamp="2022-03-14T16:22:00 IST" skipped="0">
  <testcase classname="com.qa.testscripts.TC_Amazon_005" name="footerLinks" time="0.309"/>
  <system-out/>
  <testcase classname="com.qa.testscripts.TC_Amazon_005" name="getLinkNames" time="10.412"/>
  <system-out>
    <![CDATA[About Us
Careers
Press Releases
Amazon Cares
Gift a Smile
Amazon Science
Facebook
Twitter
Instagram
Sell on Amazon
Sell under Amazon Accelerator
Amazon Global Selling
Become an Affiliate
Fulfilment by Amazon
Advertise Your Products
Amazon Pay on Merchants
COVID-19 and Amazon
Your Account
Returns Centre
100% Purchase Protection
Amazon App Download
Amazon Assistant Download
Help
Australia
Brazil
Canada
China
France
Germany
Italy
Japan
Mexico
Netherlands
Poland
Singapore
Spain
Turkey
United Arab Emirates
United Kingdom
United States
AbeBooks
Books, art
& collectibles
Amazon Web Services
Scalable Cloud
Computing Services
Audible
Download
Audio Books
DPReview
Digital
Photography
IMDb
Movies, TV
& Celebrities
Shopbop
Designer
Fashion Brands
Amazon Business
Everything For
Your Business
Prime Now
2-Hour Delivery
on Everyday Items
Amazon Prime Music
90 million songs, ad-free
Over 15 million podcast episodes
Conditions of Use & Sale
Privacy Notice
Interest-Based Ads]]>
  </system-out>
</testsuite> <!-- com.qa.testscripts.TC_Amazon_005 -->
