<?xml version="1.0" encoding="UTF-8"?>
<!-- Generated by org.testng.reporters.JUnitReportReporter -->
<testsuite hostname="JyothiCyril" failures="0" tests="1" name="com.qa.testscripts.TC_CitiBank_001" time="6.519" errors="0" timestamp="2022-03-18T15:11:56 IST" skipped="0">
  <testcase classname="com.qa.testscripts.TC_CitiBank_001" name="workingWithWindows" time="6.519"/>
  <system-out>
    <![CDATA[CDwindow-4BA30DA37F8480D4C67DEEC46A07F39E
Citi India - Credit Cards, Personal & Home Loans, Investment, Wealth Management & Banking
CDwindow-3FEF7314ECE0FC843A8E69782EA2983D
Disclaimer
CDwindow-54B2D61C652A2421743B744AFCC753CD
Global Investment Bank and Financial Services | Citi]]>
  </system-out>
</testsuite> <!-- com.qa.testscripts.TC_CitiBank_001 -->
