<?xml version="1.0" encoding="UTF-8"?>
<!-- Generated by org.testng.reporters.JUnitReportReporter -->
<testsuite hostname="JyothiCyril" failures="0" tests="2" name="com.qa.testscripts.TC_ScreenshotDemo" time="1.266" errors="0" timestamp="2022-03-21T15:26:13 IST" skipped="0">
  <testcase classname="com.qa.testscripts.TC_ScreenshotDemo" name="screenshoByElement" time="0.451"/>
  <system-out/>
  <testcase classname="com.qa.testscripts.TC_ScreenshotDemo" name="screenshotDriver" time="0.815"/>
  <system-out/>
</testsuite> <!-- com.qa.testscripts.TC_ScreenshotDemo -->
