<?xml version="1.0" encoding="UTF-8"?>
<!-- Generated by org.testng.reporters.JUnitReportReporter -->
<testsuite hostname="JyothiCyril" failures="0" tests="1" name="com.qa.testscripts.TC_ActionsDemo" time="7.562" errors="0" timestamp="2022-03-21T14:51:16 IST" skipped="0">
  <testcase classname="com.qa.testscripts.TC_ActionsDemo" name="DragandDrop" time="7.562"/>
  <system-out/>
</testsuite> <!-- com.qa.testscripts.TC_ActionsDemo -->
