<?xml version="1.0" encoding="UTF-8"?>
<!-- Generated by org.testng.reporters.JUnitReportReporter -->
<testsuite hostname="JyothiCyril" failures="0" tests="3" name="com.qa.testscripts.TC_DemoFrames_001" time="4.733" errors="0" timestamp="2022-03-18T15:43:06 IST" skipped="2">
  <testcase classname="com.qa.testscripts.TC_DemoFrames_001" name="frameByElement" time="4.733"/>
  <system-out/>
  <testcase classname="com.qa.testscripts.TC_DemoFrames_001" name="frameByName">
    <skipped/>
  </testcase> <!-- frameByName -->
  <system-out/>
  <testcase classname="com.qa.testscripts.TC_DemoFrames_001" name="framesByIndex">
    <skipped/>
  </testcase> <!-- framesByIndex -->
  <system-out/>
</testsuite> <!-- com.qa.testscripts.TC_DemoFrames_001 -->
