<?xml version="1.0" encoding="UTF-8"?>
<!-- Generated by org.testng.reporters.JUnitReportReporter -->
<testsuite hostname="JyothiCyril" failures="0" tests="1" name="com.qa.testscripts.TC_Amazon_002" time="22.049" errors="0" timestamp="2022-03-10T16:35:51 IST" skipped="0">
  <testcase classname="com.qa.testscripts.TC_Amazon_002" name="searchItem" time="22.049"/>
  <system-out>
    <![CDATA[Title has the search term
The Count of Monte Cristo
The Six + 1 Wish
The Da Vinci Code: (Robert Langdon Book 2)
The Da Vinci Code (Abridged Edition)
DA VINCI CODE
The Da Vinci Code: A Novel: 2 (Robert Langdon)
The Da Vinci Code: (Robert Langdon Book 2)+Angels and Demons: (Robert Langdon Book 1)+Digital Fortress(Set of 3books)
Der Da Vinci Code: Robert Langdon 2
Davinci Code
The Da Vinci Code
The Complete Grimms' Fairy Tales (Deluxe Hardbound Edition)
Think & Grow Rich: THE 21st CENTURY EDITION
The Da Vinci Code
The Da Vinci Code 10th Anniversary Edition
The Da Vinci Code: (Robert Langdon Book 2)+The Lost Symbol: (Robert Langdon Book 3)(Set of 2books)
The Da Vinci Code: Facts and Fallacies at the 92nd Street Y
The Da Vinci Code
The Da Vinci Code
The Da Vinci Code Revisited
Secrets of the Code: The Unauthorized Guide to the Mysteries Behind "The Da Vinci Code"
The Case-Book of Sherlock Holmes
Greatest Tragedies of Shakespeare (Deluxe Hardbound Edition)]]>
  </system-out>
</testsuite> <!-- com.qa.testscripts.TC_Amazon_002 -->
